name : 
second name : 
email : 
message : 
-----
name : 
second name : 
email : 
message : 
-----
name : 
second name : 
email : 
message : 
-----
name : 
second name : 
email : 
message : 
-----
name : 
second name : 
email : 
message : 
-----
name : 
second name : 
email : 
message : 
-----
name : 
second name : 
email : 
message : 
-----
name : 
second name : 
email : 
message : 
-----
name : osama
second name : emam
email : osamaemam30@gmail.com
message : moasj
ip : 156.193.76.134
-----
name : Mohamed
second name : Emam
email : mohamedemam4078@gmail.com
message : Hello Sir!
14/01/2023
Hey, i feel under the weather today ;(.
ip : 156.193.39.81
-----
name : 
second name : 
email : 
message : gf
ip : 156.193.39.81
-----
